# JRE version: Java(TM) SE Runtime Environment (8.0_144-b01) (build 1.8.0_144-b01)
# Java VM: Java HotSpot(TM) 64-Bit Server VM (25.144-b01 mixed mode windows-amd64 compressed oops)
Heap:
 PSYoungGen      total 118784K, used 78741K [0x00000000eab00000, 0x00000000f2680000, 0x0000000100000000)
  eden space 112128K, 70% used [0x00000000eab00000,0x00000000ef7e5580,0x00000000f1880000)
  from space 6656K, 0% used [0x00000000f2000000,0x00000000f2000000,0x00000000f2680000)
  to   space 7168K, 0% used [0x00000000f1880000,0x00000000f1880000,0x00000000f1f80000)
 ParOldGen       total 27648K, used 17705K [0x00000000c0000000, 0x00000000c1b00000, 0x00000000eab00000)
  object space 27648K, 64% used [0x00000000c0000000,0x00000000c114a438,0x00000000c1b00000)
 Metaspace       used 30364K, capacity 31032K, committed 31360K, reserved 1077248K
  class space    used 4168K, capacity 4386K, committed 4480K, reserved 1048576K
GC Heap History (10 events):
Event: 25.839 GC heap before
{Heap before GC invocations=18 (full 1):
 PSYoungGen      total 93184K, used 86528K [0x00000000eab00000, 0x00000000f0d80000, 0x0000000100000000)
  eden space 86016K, 100% used [0x00000000eab00000,0x00000000eff00000,0x00000000eff00000)
  from space 7168K, 7% used [0x00000000f0600000,0x00000000f0680010,0x00000000f0d00000)
  to   space 7168K, 0% used [0x00000000eff00000,0x00000000eff00000,0x00000000f0600000)
 ParOldGen       total 27648K, used 10188K [0x00000000c0000000, 0x00000000c1b00000, 0x00000000eab00000)
  object space 27648K, 36% used [0x00000000c0000000,0x00000000c09f3210,0x00000000c1b00000)
 Metaspace       used 25374K, capacity 25998K, committed 26240K, reserved 1071104K
  class space    used 3368K, capacity 3634K, committed 3712K, reserved 1048576K
Event: 25.850 GC heap after
Heap after GC invocations=18 (full 1):
 PSYoungGen      total 93184K, used 4064K [0x00000000eab00000, 0x00000000f2780000, 0x0000000100000000)
  eden space 86016K, 0% used [0x00000000eab00000,0x00000000eab00000,0x00000000eff00000)
  from space 7168K, 56% used [0x00000000eff00000,0x00000000f02f8370,0x00000000f0600000)
  to   space 7680K, 0% used [0x00000000f2000000,0x00000000f2000000,0x00000000f2780000)
 ParOldGen       total 27648K, used 10652K [0x00000000c0000000, 0x00000000c1b00000, 0x00000000eab00000)
  object space 27648K, 38% used [0x00000000c0000000,0x00000000c0a67260,0x00000000c1b00000)
 Metaspace       used 25374K, capacity 25998K, committed 26240K, reserved 1071104K
  class space    used 3368K, capacity 3634K, committed 3712K, reserved 1048576K
}
Event: 26.716 GC heap before
{Heap before GC invocations=19 (full 1):
 PSYoungGen      total 93184K, used 90080K [0x00000000eab00000, 0x00000000f2780000, 0x0000000100000000)
  eden space 86016K, 100% used [0x00000000eab00000,0x00000000eff00000,0x00000000eff00000)
  from space 7168K, 56% used [0x00000000eff00000,0x00000000f02f8370,0x00000000f0600000)
  to   space 7680K, 0% used [0x00000000f2000000,0x00000000f2000000,0x00000000f2780000)
 ParOldGen       total 27648K, used 10652K [0x00000000c0000000, 0x00000000c1b00000, 0x00000000eab00000)
  object space 27648K, 38% used [0x00000000c0000000,0x00000000c0a67260,0x00000000c1b00000)
 Metaspace       used 25374K, capacity 25998K, committed 26240K, reserved 1071104K
  class space    used 3368K, capacity 3634K, committed 3712K, reserved 1048576K
Event: 26.731 GC heap after
Heap after GC invocations=19 (full 1):
 PSYoungGen      total 118784K, used 448K [0x00000000eab00000, 0x00000000f2680000, 0x0000000100000000)
  eden space 112128K, 0% used [0x00000000eab00000,0x00000000eab00000,0x00000000f1880000)
  from space 6656K, 6% used [0x00000000f2000000,0x00000000f2070000,0x00000000f2680000)
  to   space 7168K, 0% used [0x00000000f1880000,0x00000000f1880000,0x00000000f1f80000)
 ParOldGen       total 27648K, used 12872K [0x00000000c0000000, 0x00000000c1b00000, 0x00000000eab00000)
  object space 27648K, 46% used [0x00000000c0000000,0x00000000c0c922c0,0x00000000c1b00000)
 Metaspace       used 25374K, capacity 25998K, committed 26240K, reserved 1071104K
  class space    used 3368K, capacity 3634K, committed 3712K, reserved 1048576K
}
Event: 31.770 GC heap before
{Heap before GC invocations=20 (full 1):
 PSYoungGen      total 118784K, used 112576K [0x00000000eab00000, 0x00000000f2680000, 0x0000000100000000)
  eden space 112128K, 100% used [0x00000000eab00000,0x00000000f1880000,0x00000000f1880000)
  from space 6656K, 6% used [0x00000000f2000000,0x00000000f2070000,0x00000000f2680000)
  to   space 7168K, 0% used [0x00000000f1880000,0x00000000f1880000,0x00000000f1f80000)
 ParOldGen       total 27648K, used 12872K [0x00000000c0000000, 0x00000000c1b00000, 0x00000000eab00000)
  object space 27648K, 46% used [0x00000000c0000000,0x00000000c0c922c0,0x00000000c1b00000)
 Metaspace       used 28490K, capacity 29302K, committed 29440K, reserved 1075200K
  class space    used 3928K, capacity 4255K, committed 4352K, reserved 1048576K
Event: 31.799 GC heap after
Heap after GC invocations=20 (full 1):
 PSYoungGen      total 119296K, used 5963K [0x00000000eab00000, 0x00000000f2680000, 0x0000000100000000)
  eden space 112128K, 0% used [0x00000000eab00000,0x00000000eab00000,0x00000000f1880000)
  from space 7168K, 83% used [0x00000000f1880000,0x00000000f1e52c90,0x00000000f1f80000)
  to   space 6656K, 0% used [0x00000000f2000000,0x00000000f2000000,0x00000000f2680000)
 ParOldGen       total 27648K, used 13264K [0x00000000c0000000, 0x00000000c1b00000, 0x00000000eab00000)
  object space 27648K, 47% used [0x00000000c0000000,0x00000000c0cf42c0,0x00000000c1b00000)
 Metaspace       used 28490K, capacity 29302K, committed 29440K, reserved 1075200K
  class space    used 3928K, capacity 4255K, committed 4352K, reserved 1048576K
}
Event: 33.156 GC heap before
{Heap before GC invocations=21 (full 1):
 PSYoungGen      total 119296K, used 24424K [0x00000000eab00000, 0x00000000f2680000, 0x0000000100000000)
  eden space 112128K, 16% used [0x00000000eab00000,0x00000000ebd07660,0x00000000f1880000)
  from space 7168K, 83% used [0x00000000f1880000,0x00000000f1e52c90,0x00000000f1f80000)
  to   space 6656K, 0% used [0x00000000f2000000,0x00000000f2000000,0x00000000f2680000)
 ParOldGen       total 27648K, used 13264K [0x00000000c0000000, 0x00000000c1b00000, 0x00000000eab00000)
  object space 27648K, 47% used [0x00000000c0000000,0x00000000c0cf42c0,0x00000000c1b00000)
 Metaspace       used 30137K, capacity 30944K, committed 31104K, reserved 1075200K
  class space    used 4151K, capacity 4429K, committed 4480K, reserved 1048576K
Event: 33.173 GC heap after
Heap after GC invocations=21 (full 1):
 PSYoungGen      total 118784K, used 2451K [0x00000000eab00000, 0x00000000f2680000, 0x0000000100000000)
  eden space 112128K, 0% used [0x00000000eab00000,0x00000000eab00000,0x00000000f1880000)
  from space 6656K, 36% used [0x00000000f2000000,0x00000000f2264c58,0x00000000f2680000)
  to   space 7168K, 0% used [0x00000000f1880000,0x00000000f1880000,0x00000000f1f80000)
 ParOldGen       total 27648K, used 17198K [0x00000000c0000000, 0x00000000c1b00000, 0x00000000eab00000)
  object space 27648K, 62% used [0x00000000c0000000,0x00000000c10cbb50,0x00000000c1b00000)
 Metaspace       used 30137K, capacity 30944K, committed 31104K, reserved 1075200K
  class space    used 4151K, capacity 4429K, committed 4480K, reserved 1048576K
}
Event: 33.173 GC heap before
{Heap before GC invocations=22 (full 2):
 PSYoungGen      total 118784K, used 2451K [0x00000000eab00000, 0x00000000f2680000, 0x0000000100000000)
  eden space 112128K, 0% used [0x00000000eab00000,0x00000000eab00000,0x00000000f1880000)
  from space 6656K, 36% used [0x00000000f2000000,0x00000000f2264c58,0x00000000f2680000)
  to   space 7168K, 0% used [0x00000000f1880000,0x00000000f1880000,0x00000000f1f80000)
 ParOldGen       total 27648K, used 17198K [0x00000000c0000000, 0x00000000c1b00000, 0x00000000eab00000)
  object space 27648K, 62% used [0x00000000c0000000,0x00000000c10cbb50,0x00000000c1b00000)
 Metaspace       used 30137K, capacity 30944K, committed 31104K, reserved 1075200K
  class space    used 4151K, capacity 4429K, committed 4480K, reserved 1048576K
Event: 33.491 GC heap after
Heap after GC invocations=22 (full 2):
 PSYoungGen      total 118784K, used 0K [0x00000000eab00000, 0x00000000f2680000, 0x0000000100000000)
  eden space 112128K, 0% used [0x00000000eab00000,0x00000000eab00000,0x00000000f1880000)
  from space 6656K, 0% used [0x00000000f2000000,0x00000000f2000000,0x00000000f2680000)
  to   space 7168K, 0% used [0x00000000f1880000,0x00000000f1880000,0x00000000f1f80000)
 ParOldGen       total 27648K, used 17705K [0x00000000c0000000, 0x00000000c1b00000, 0x00000000eab00000)
  object space 27648K, 64% used [0x00000000c0000000,0x00000000c114a438,0x00000000c1b00000)
 Metaspace       used 30074K, capacity 30670K, committed 31104K, reserved 1075200K
  class space    used 4135K, capacity 4327K, committed 4480K, reserved 1048576K
}

